22:20:55 INFO  : Registering command handlers for SDK TCF services
22:20:56 INFO  : Launching XSCT server: xsct.bat -interactive C:\Users\thyoo\ARM_1\ARM_1.sdk\temp_xsdb_launch_script.tcl
22:20:59 INFO  : XSCT server has started successfully.
22:21:03 INFO  : Processing command line option -hwspec C:/Users/thyoo/ARM_1/ARM_1.sdk/system_wrapper.hdf.
22:21:03 INFO  : Successfully done setting XSCT server connection channel  
22:21:03 INFO  : Successfully done setting SDK workspace  
22:21:59 INFO  : Launching XSCT server: xsct.bat -interactive C:\Users\thyoo\ARM_1\ARM_1.sdk\temp_xsdb_launch_script.tcl
22:22:02 INFO  : XSCT server has started successfully.
22:22:02 INFO  : Successfully done setting XSCT server connection channel  
22:22:06 INFO  : Successfully done setting SDK workspace  
22:22:08 INFO  : Registering command handlers for SDK TCF services
22:22:09 INFO  : Processing command line option -hwspec C:/Users/thyoo/ARM_1/ARM_1.sdk/system_wrapper.hdf.
22:22:09 INFO  : Checking for hwspec changes in the project system_wrapper_hw_platform_0.
14:05:29 INFO  : Registering command handlers for SDK TCF services
14:05:30 INFO  : Launching XSCT server: xsct.bat -interactive C:\Users\thyoo\ARM_1\ARM_1.sdk\temp_xsdb_launch_script.tcl
14:05:33 INFO  : XSCT server has started successfully.
14:05:33 INFO  : Successfully done setting XSCT server connection channel  
14:05:37 INFO  : Processing command line option -hwspec C:/Users/thyoo/ARM_1/ARM_1.sdk/system_wrapper.hdf.
14:05:37 INFO  : Successfully done setting SDK workspace  
14:05:37 INFO  : Checking for hwspec changes in the project system_wrapper_hw_platform_0.
15:28:21 INFO  : Connected to target on host '127.0.0.1' and port '3121'.
15:28:30 INFO  : ----------------XSDB Script----------------
connect -url tcp:127.0.0.1:3121
----------------End of Script----------------

15:29:33 INFO  : Registering command handlers for SDK TCF services
15:29:33 INFO  : Launching XSCT server: xsct.bat -interactive C:\Users\thyoo\ARM_1\ARM_1.sdk\temp_xsdb_launch_script.tcl
15:29:35 INFO  : XSCT server has started successfully.
15:29:35 INFO  : Successfully done setting XSCT server connection channel  
15:29:36 INFO  : Processing command line option -hwspec C:/Users/thyoo/ARM_1/ARM_1.sdk/system_wrapper.hdf.
15:29:36 INFO  : Successfully done setting SDK workspace  
15:29:36 INFO  : Checking for hwspec changes in the project system_wrapper_hw_platform_0.
15:30:36 INFO  : Connected to target on host '127.0.0.1' and port '3121'.
15:30:38 INFO  : Jtag cable 'Platform Cable USB Port_#0003.Hub_#0004' is selected.
15:30:38 INFO  : 'jtag frequency' command is executed.
15:30:38 INFO  : Sourcing of 'C:/Users/thyoo/ARM_1/ARM_1.sdk/system_wrapper_hw_platform_0/ps7_init.tcl' is done.
15:30:38 INFO  : Context for 'APU' is selected.
15:30:38 INFO  : Hardware design information is loaded from 'C:/Users/thyoo/ARM_1/ARM_1.sdk/system_wrapper_hw_platform_0/system.hdf'.
15:30:38 INFO  : 'configparams force-mem-access 1' command is executed.
15:30:38 INFO  : Context for 'APU' is selected.
15:30:38 INFO  : 'stop' command is executed.
15:30:39 INFO  : 'ps7_init' command is executed.
15:30:39 INFO  : 'ps7_post_config' command is executed.
15:30:39 INFO  : Context for processor 'ps7_cortexa9_0' is selected.
15:30:39 INFO  : Processor reset is completed for 'ps7_cortexa9_0'.
15:30:39 INFO  : Context for processor 'ps7_cortexa9_0' is selected.
15:30:40 INFO  : The application 'C:/Users/thyoo/ARM_1/ARM_1.sdk/ARM_1/Debug/ARM_1.elf' is downloaded to processor 'ps7_cortexa9_0'.
15:30:40 INFO  : 'configparams force-mem-access 0' command is executed.
15:30:40 INFO  : ----------------XSDB Script----------------
connect -url tcp:127.0.0.1:3121
source C:/Users/thyoo/ARM_1/ARM_1.sdk/system_wrapper_hw_platform_0/ps7_init.tcl
targets -set -nocase -filter {name =~"APU*" && jtag_cable_name =~ "Platform Cable USB Port_#0003.Hub_#0004"} -index 0
loadhw -hw C:/Users/thyoo/ARM_1/ARM_1.sdk/system_wrapper_hw_platform_0/system.hdf -mem-ranges [list {0x40000000 0xbfffffff}]
configparams force-mem-access 1
targets -set -nocase -filter {name =~"APU*" && jtag_cable_name =~ "Platform Cable USB Port_#0003.Hub_#0004"} -index 0
stop
ps7_init
ps7_post_config
targets -set -nocase -filter {name =~ "ARM*#0" && jtag_cable_name =~ "Platform Cable USB Port_#0003.Hub_#0004"} -index 0
rst -processor
targets -set -nocase -filter {name =~ "ARM*#0" && jtag_cable_name =~ "Platform Cable USB Port_#0003.Hub_#0004"} -index 0
dow C:/Users/thyoo/ARM_1/ARM_1.sdk/ARM_1/Debug/ARM_1.elf
configparams force-mem-access 0
----------------End of Script----------------

15:30:40 INFO  : Context for processor 'ps7_cortexa9_0' is selected.
15:30:40 INFO  : 'con' command is executed.
15:30:40 INFO  : ----------------XSDB Script (After Launch)----------------
targets -set -nocase -filter {name =~ "ARM*#0" && jtag_cable_name =~ "Platform Cable USB Port_#0003.Hub_#0004"} -index 0
con
----------------End of Script----------------

15:30:40 INFO  : Launch script is exported to file 'C:\Users\thyoo\ARM_1\ARM_1.sdk\.sdk\launch_scripts\xilinx_c-c++_application_(system_debugger)\arm_1_debug.tcl'
15:31:53 INFO  : Disconnected from the channel tcfchan#1.
15:31:58 INFO  : Connected to target on host '127.0.0.1' and port '3121'.
15:31:58 INFO  : Jtag cable 'Platform Cable USB Port_#0003.Hub_#0004' is selected.
15:31:58 INFO  : 'jtag frequency' command is executed.
15:31:58 INFO  : Sourcing of 'C:/Users/thyoo/ARM_1/ARM_1.sdk/system_wrapper_hw_platform_0/ps7_init.tcl' is done.
15:31:58 INFO  : Context for 'APU' is selected.
15:32:00 INFO  : Hardware design information is loaded from 'C:/Users/thyoo/ARM_1/ARM_1.sdk/system_wrapper_hw_platform_0/system.hdf'.
15:32:00 INFO  : 'configparams force-mem-access 1' command is executed.
15:32:00 INFO  : Context for 'APU' is selected.
15:32:00 INFO  : 'stop' command is executed.
15:32:00 INFO  : 'ps7_init' command is executed.
15:32:00 INFO  : 'ps7_post_config' command is executed.
15:32:00 INFO  : Context for processor 'ps7_cortexa9_0' is selected.
15:32:00 INFO  : Processor reset is completed for 'ps7_cortexa9_0'.
15:32:00 INFO  : Context for processor 'ps7_cortexa9_0' is selected.
15:32:01 INFO  : The application 'C:/Users/thyoo/ARM_1/ARM_1.sdk/ARM_1/Debug/ARM_1.elf' is downloaded to processor 'ps7_cortexa9_0'.
15:32:01 INFO  : 'configparams force-mem-access 0' command is executed.
15:32:01 INFO  : ----------------XSDB Script----------------
connect -url tcp:127.0.0.1:3121
source C:/Users/thyoo/ARM_1/ARM_1.sdk/system_wrapper_hw_platform_0/ps7_init.tcl
targets -set -nocase -filter {name =~"APU*" && jtag_cable_name =~ "Platform Cable USB Port_#0003.Hub_#0004"} -index 0
loadhw -hw C:/Users/thyoo/ARM_1/ARM_1.sdk/system_wrapper_hw_platform_0/system.hdf -mem-ranges [list {0x40000000 0xbfffffff}]
configparams force-mem-access 1
targets -set -nocase -filter {name =~"APU*" && jtag_cable_name =~ "Platform Cable USB Port_#0003.Hub_#0004"} -index 0
stop
ps7_init
ps7_post_config
targets -set -nocase -filter {name =~ "ARM*#0" && jtag_cable_name =~ "Platform Cable USB Port_#0003.Hub_#0004"} -index 0
rst -processor
targets -set -nocase -filter {name =~ "ARM*#0" && jtag_cable_name =~ "Platform Cable USB Port_#0003.Hub_#0004"} -index 0
dow C:/Users/thyoo/ARM_1/ARM_1.sdk/ARM_1/Debug/ARM_1.elf
configparams force-mem-access 0
----------------End of Script----------------

15:32:01 INFO  : Context for processor 'ps7_cortexa9_0' is selected.
15:32:01 INFO  : 'con' command is executed.
15:32:01 INFO  : ----------------XSDB Script (After Launch)----------------
targets -set -nocase -filter {name =~ "ARM*#0" && jtag_cable_name =~ "Platform Cable USB Port_#0003.Hub_#0004"} -index 0
con
----------------End of Script----------------

15:32:01 INFO  : Launch script is exported to file 'C:\Users\thyoo\ARM_1\ARM_1.sdk\.sdk\launch_scripts\xilinx_c-c++_application_(system_debugger)\arm_1_debug.tcl'
15:34:31 INFO  : Disconnected from the channel tcfchan#2.
15:34:33 INFO  : Connected to target on host '127.0.0.1' and port '3121'.
15:34:42 INFO  : ----------------XSDB Script----------------
connect -url tcp:127.0.0.1:3121
----------------End of Script----------------

15:34:47 INFO  : Connected to target on host '127.0.0.1' and port '3121'.
15:34:48 INFO  : Jtag cable 'Platform Cable USB Port_#0003.Hub_#0004' is selected.
15:34:48 INFO  : 'jtag frequency' command is executed.
15:34:48 INFO  : Sourcing of 'C:/Users/thyoo/ARM_1/ARM_1.sdk/system_wrapper_hw_platform_0/ps7_init.tcl' is done.
15:34:48 INFO  : Context for 'APU' is selected.
15:34:49 INFO  : Hardware design information is loaded from 'C:/Users/thyoo/ARM_1/ARM_1.sdk/system_wrapper_hw_platform_0/system.hdf'.
15:34:49 INFO  : 'configparams force-mem-access 1' command is executed.
15:34:50 INFO  : Context for 'APU' is selected.
15:34:50 INFO  : 'stop' command is executed.
15:34:50 INFO  : 'ps7_init' command is executed.
15:34:50 INFO  : 'ps7_post_config' command is executed.
15:34:50 INFO  : Context for processor 'ps7_cortexa9_0' is selected.
15:34:50 INFO  : Processor reset is completed for 'ps7_cortexa9_0'.
15:34:50 INFO  : Context for processor 'ps7_cortexa9_0' is selected.
15:34:51 INFO  : The application 'C:/Users/thyoo/ARM_1/ARM_1.sdk/ARM_1/Debug/ARM_1.elf' is downloaded to processor 'ps7_cortexa9_0'.
15:34:51 INFO  : 'configparams force-mem-access 0' command is executed.
15:34:51 INFO  : ----------------XSDB Script----------------
connect -url tcp:127.0.0.1:3121
source C:/Users/thyoo/ARM_1/ARM_1.sdk/system_wrapper_hw_platform_0/ps7_init.tcl
targets -set -nocase -filter {name =~"APU*" && jtag_cable_name =~ "Platform Cable USB Port_#0003.Hub_#0004"} -index 0
loadhw -hw C:/Users/thyoo/ARM_1/ARM_1.sdk/system_wrapper_hw_platform_0/system.hdf -mem-ranges [list {0x40000000 0xbfffffff}]
configparams force-mem-access 1
targets -set -nocase -filter {name =~"APU*" && jtag_cable_name =~ "Platform Cable USB Port_#0003.Hub_#0004"} -index 0
stop
ps7_init
ps7_post_config
targets -set -nocase -filter {name =~ "ARM*#0" && jtag_cable_name =~ "Platform Cable USB Port_#0003.Hub_#0004"} -index 0
rst -processor
targets -set -nocase -filter {name =~ "ARM*#0" && jtag_cable_name =~ "Platform Cable USB Port_#0003.Hub_#0004"} -index 0
dow C:/Users/thyoo/ARM_1/ARM_1.sdk/ARM_1/Debug/ARM_1.elf
configparams force-mem-access 0
----------------End of Script----------------

15:34:51 INFO  : Context for processor 'ps7_cortexa9_0' is selected.
15:34:51 INFO  : 'con' command is executed.
15:34:51 INFO  : ----------------XSDB Script (After Launch)----------------
targets -set -nocase -filter {name =~ "ARM*#0" && jtag_cable_name =~ "Platform Cable USB Port_#0003.Hub_#0004"} -index 0
con
----------------End of Script----------------

15:34:51 INFO  : Launch script is exported to file 'C:\Users\thyoo\ARM_1\ARM_1.sdk\.sdk\launch_scripts\xilinx_c-c++_application_(system_debugger)\arm_1_debug.tcl'
15:36:11 INFO  : Disconnected from the channel tcfchan#3.
15:36:20 INFO  : Connected to target on host '127.0.0.1' and port '3121'.
15:36:21 INFO  : Jtag cable 'Platform Cable USB Port_#0003.Hub_#0004' is selected.
15:36:21 INFO  : 'jtag frequency' command is executed.
15:36:21 INFO  : Sourcing of 'C:/Users/thyoo/ARM_1/ARM_1.sdk/system_wrapper_hw_platform_0/ps7_init.tcl' is done.
15:36:21 INFO  : Context for 'APU' is selected.
15:36:22 INFO  : Hardware design information is loaded from 'C:/Users/thyoo/ARM_1/ARM_1.sdk/system_wrapper_hw_platform_0/system.hdf'.
15:36:22 INFO  : 'configparams force-mem-access 1' command is executed.
15:36:22 INFO  : Context for 'APU' is selected.
15:36:23 INFO  : 'stop' command is executed.
15:36:23 INFO  : 'ps7_init' command is executed.
15:36:23 INFO  : 'ps7_post_config' command is executed.
15:36:23 INFO  : Context for processor 'ps7_cortexa9_0' is selected.
15:36:23 INFO  : Processor reset is completed for 'ps7_cortexa9_0'.
15:36:23 INFO  : Context for processor 'ps7_cortexa9_0' is selected.
15:36:24 INFO  : The application 'C:/Users/thyoo/ARM_1/ARM_1.sdk/ARM_1/Debug/ARM_1.elf' is downloaded to processor 'ps7_cortexa9_0'.
15:36:24 INFO  : 'configparams force-mem-access 0' command is executed.
15:36:24 INFO  : ----------------XSDB Script----------------
connect -url tcp:127.0.0.1:3121
source C:/Users/thyoo/ARM_1/ARM_1.sdk/system_wrapper_hw_platform_0/ps7_init.tcl
targets -set -nocase -filter {name =~"APU*" && jtag_cable_name =~ "Platform Cable USB Port_#0003.Hub_#0004"} -index 0
loadhw -hw C:/Users/thyoo/ARM_1/ARM_1.sdk/system_wrapper_hw_platform_0/system.hdf -mem-ranges [list {0x40000000 0xbfffffff}]
configparams force-mem-access 1
targets -set -nocase -filter {name =~"APU*" && jtag_cable_name =~ "Platform Cable USB Port_#0003.Hub_#0004"} -index 0
stop
ps7_init
ps7_post_config
targets -set -nocase -filter {name =~ "ARM*#0" && jtag_cable_name =~ "Platform Cable USB Port_#0003.Hub_#0004"} -index 0
rst -processor
targets -set -nocase -filter {name =~ "ARM*#0" && jtag_cable_name =~ "Platform Cable USB Port_#0003.Hub_#0004"} -index 0
dow C:/Users/thyoo/ARM_1/ARM_1.sdk/ARM_1/Debug/ARM_1.elf
configparams force-mem-access 0
----------------End of Script----------------

15:36:24 INFO  : Context for processor 'ps7_cortexa9_0' is selected.
15:36:24 INFO  : 'con' command is executed.
15:36:24 INFO  : ----------------XSDB Script (After Launch)----------------
targets -set -nocase -filter {name =~ "ARM*#0" && jtag_cable_name =~ "Platform Cable USB Port_#0003.Hub_#0004"} -index 0
con
----------------End of Script----------------

15:36:24 INFO  : Launch script is exported to file 'C:\Users\thyoo\ARM_1\ARM_1.sdk\.sdk\launch_scripts\xilinx_c-c++_application_(system_debugger)\arm_1_debug.tcl'
15:37:08 INFO  : Disconnected from the channel tcfchan#4.
15:37:09 INFO  : Connected to target on host '127.0.0.1' and port '3121'.
15:37:09 INFO  : Jtag cable 'Platform Cable USB Port_#0003.Hub_#0004' is selected.
15:37:09 INFO  : 'jtag frequency' command is executed.
15:37:09 INFO  : Sourcing of 'C:/Users/thyoo/ARM_1/ARM_1.sdk/system_wrapper_hw_platform_0/ps7_init.tcl' is done.
15:37:09 INFO  : Context for 'APU' is selected.
15:37:11 INFO  : Hardware design information is loaded from 'C:/Users/thyoo/ARM_1/ARM_1.sdk/system_wrapper_hw_platform_0/system.hdf'.
15:37:11 INFO  : 'configparams force-mem-access 1' command is executed.
15:37:11 INFO  : Context for 'APU' is selected.
15:37:11 INFO  : 'stop' command is executed.
15:37:11 INFO  : 'ps7_init' command is executed.
15:37:11 INFO  : 'ps7_post_config' command is executed.
15:37:11 INFO  : Context for processor 'ps7_cortexa9_0' is selected.
15:37:11 INFO  : Processor reset is completed for 'ps7_cortexa9_0'.
15:37:11 INFO  : Context for processor 'ps7_cortexa9_0' is selected.
15:37:12 INFO  : The application 'C:/Users/thyoo/ARM_1/ARM_1.sdk/ARM_1/Debug/ARM_1.elf' is downloaded to processor 'ps7_cortexa9_0'.
15:37:12 INFO  : 'configparams force-mem-access 0' command is executed.
15:37:12 INFO  : ----------------XSDB Script----------------
connect -url tcp:127.0.0.1:3121
source C:/Users/thyoo/ARM_1/ARM_1.sdk/system_wrapper_hw_platform_0/ps7_init.tcl
targets -set -nocase -filter {name =~"APU*" && jtag_cable_name =~ "Platform Cable USB Port_#0003.Hub_#0004"} -index 0
loadhw -hw C:/Users/thyoo/ARM_1/ARM_1.sdk/system_wrapper_hw_platform_0/system.hdf -mem-ranges [list {0x40000000 0xbfffffff}]
configparams force-mem-access 1
targets -set -nocase -filter {name =~"APU*" && jtag_cable_name =~ "Platform Cable USB Port_#0003.Hub_#0004"} -index 0
stop
ps7_init
ps7_post_config
targets -set -nocase -filter {name =~ "ARM*#0" && jtag_cable_name =~ "Platform Cable USB Port_#0003.Hub_#0004"} -index 0
rst -processor
targets -set -nocase -filter {name =~ "ARM*#0" && jtag_cable_name =~ "Platform Cable USB Port_#0003.Hub_#0004"} -index 0
dow C:/Users/thyoo/ARM_1/ARM_1.sdk/ARM_1/Debug/ARM_1.elf
configparams force-mem-access 0
----------------End of Script----------------

15:37:12 INFO  : Context for processor 'ps7_cortexa9_0' is selected.
15:37:12 INFO  : 'con' command is executed.
15:37:12 INFO  : ----------------XSDB Script (After Launch)----------------
targets -set -nocase -filter {name =~ "ARM*#0" && jtag_cable_name =~ "Platform Cable USB Port_#0003.Hub_#0004"} -index 0
con
----------------End of Script----------------

15:37:12 INFO  : Launch script is exported to file 'C:\Users\thyoo\ARM_1\ARM_1.sdk\.sdk\launch_scripts\xilinx_c-c++_application_(system_debugger)\arm_1_debug.tcl'
15:37:33 INFO  : Disconnected from the channel tcfchan#5.
15:37:34 INFO  : Connected to target on host '127.0.0.1' and port '3121'.
15:37:35 INFO  : Jtag cable 'Platform Cable USB Port_#0003.Hub_#0004' is selected.
15:37:35 INFO  : 'jtag frequency' command is executed.
15:37:35 INFO  : Sourcing of 'C:/Users/thyoo/ARM_1/ARM_1.sdk/system_wrapper_hw_platform_0/ps7_init.tcl' is done.
15:37:35 INFO  : Context for 'APU' is selected.
15:37:36 INFO  : Hardware design information is loaded from 'C:/Users/thyoo/ARM_1/ARM_1.sdk/system_wrapper_hw_platform_0/system.hdf'.
15:37:36 INFO  : 'configparams force-mem-access 1' command is executed.
15:37:36 INFO  : Context for 'APU' is selected.
15:37:36 INFO  : 'stop' command is executed.
15:37:37 INFO  : 'ps7_init' command is executed.
15:37:37 INFO  : 'ps7_post_config' command is executed.
15:37:37 INFO  : Context for processor 'ps7_cortexa9_0' is selected.
15:37:37 INFO  : Processor reset is completed for 'ps7_cortexa9_0'.
15:37:37 INFO  : Context for processor 'ps7_cortexa9_0' is selected.
15:37:37 INFO  : The application 'C:/Users/thyoo/ARM_1/ARM_1.sdk/ARM_1/Debug/ARM_1.elf' is downloaded to processor 'ps7_cortexa9_0'.
15:37:37 INFO  : 'configparams force-mem-access 0' command is executed.
15:37:37 INFO  : ----------------XSDB Script----------------
connect -url tcp:127.0.0.1:3121
source C:/Users/thyoo/ARM_1/ARM_1.sdk/system_wrapper_hw_platform_0/ps7_init.tcl
targets -set -nocase -filter {name =~"APU*" && jtag_cable_name =~ "Platform Cable USB Port_#0003.Hub_#0004"} -index 0
loadhw -hw C:/Users/thyoo/ARM_1/ARM_1.sdk/system_wrapper_hw_platform_0/system.hdf -mem-ranges [list {0x40000000 0xbfffffff}]
configparams force-mem-access 1
targets -set -nocase -filter {name =~"APU*" && jtag_cable_name =~ "Platform Cable USB Port_#0003.Hub_#0004"} -index 0
stop
ps7_init
ps7_post_config
targets -set -nocase -filter {name =~ "ARM*#0" && jtag_cable_name =~ "Platform Cable USB Port_#0003.Hub_#0004"} -index 0
rst -processor
targets -set -nocase -filter {name =~ "ARM*#0" && jtag_cable_name =~ "Platform Cable USB Port_#0003.Hub_#0004"} -index 0
dow C:/Users/thyoo/ARM_1/ARM_1.sdk/ARM_1/Debug/ARM_1.elf
configparams force-mem-access 0
----------------End of Script----------------

15:37:37 INFO  : Context for processor 'ps7_cortexa9_0' is selected.
15:37:38 INFO  : 'con' command is executed.
15:37:38 INFO  : ----------------XSDB Script (After Launch)----------------
targets -set -nocase -filter {name =~ "ARM*#0" && jtag_cable_name =~ "Platform Cable USB Port_#0003.Hub_#0004"} -index 0
con
----------------End of Script----------------

15:37:38 INFO  : Launch script is exported to file 'C:\Users\thyoo\ARM_1\ARM_1.sdk\.sdk\launch_scripts\xilinx_c-c++_application_(system_debugger)\arm_1_debug.tcl'
15:38:58 INFO  : Disconnected from the channel tcfchan#6.
15:38:59 INFO  : Connected to target on host '127.0.0.1' and port '3121'.
15:39:00 INFO  : Jtag cable 'Platform Cable USB Port_#0003.Hub_#0004' is selected.
15:39:00 INFO  : 'jtag frequency' command is executed.
15:39:00 INFO  : Sourcing of 'C:/Users/thyoo/ARM_1/ARM_1.sdk/system_wrapper_hw_platform_0/ps7_init.tcl' is done.
15:39:00 INFO  : Context for 'APU' is selected.
15:39:01 INFO  : Hardware design information is loaded from 'C:/Users/thyoo/ARM_1/ARM_1.sdk/system_wrapper_hw_platform_0/system.hdf'.
15:39:01 INFO  : 'configparams force-mem-access 1' command is executed.
15:39:01 INFO  : Context for 'APU' is selected.
15:39:02 INFO  : 'stop' command is executed.
15:39:02 INFO  : 'ps7_init' command is executed.
15:39:02 INFO  : 'ps7_post_config' command is executed.
15:39:02 INFO  : Context for processor 'ps7_cortexa9_0' is selected.
15:39:02 INFO  : Processor reset is completed for 'ps7_cortexa9_0'.
15:39:02 INFO  : Context for processor 'ps7_cortexa9_0' is selected.
15:39:03 INFO  : The application 'C:/Users/thyoo/ARM_1/ARM_1.sdk/ARM_1/Debug/ARM_1.elf' is downloaded to processor 'ps7_cortexa9_0'.
15:39:03 INFO  : 'configparams force-mem-access 0' command is executed.
15:39:03 INFO  : ----------------XSDB Script----------------
connect -url tcp:127.0.0.1:3121
source C:/Users/thyoo/ARM_1/ARM_1.sdk/system_wrapper_hw_platform_0/ps7_init.tcl
targets -set -nocase -filter {name =~"APU*" && jtag_cable_name =~ "Platform Cable USB Port_#0003.Hub_#0004"} -index 0
loadhw -hw C:/Users/thyoo/ARM_1/ARM_1.sdk/system_wrapper_hw_platform_0/system.hdf -mem-ranges [list {0x40000000 0xbfffffff}]
configparams force-mem-access 1
targets -set -nocase -filter {name =~"APU*" && jtag_cable_name =~ "Platform Cable USB Port_#0003.Hub_#0004"} -index 0
stop
ps7_init
ps7_post_config
targets -set -nocase -filter {name =~ "ARM*#0" && jtag_cable_name =~ "Platform Cable USB Port_#0003.Hub_#0004"} -index 0
rst -processor
targets -set -nocase -filter {name =~ "ARM*#0" && jtag_cable_name =~ "Platform Cable USB Port_#0003.Hub_#0004"} -index 0
dow C:/Users/thyoo/ARM_1/ARM_1.sdk/ARM_1/Debug/ARM_1.elf
configparams force-mem-access 0
----------------End of Script----------------

15:39:03 INFO  : Context for processor 'ps7_cortexa9_0' is selected.
15:39:03 INFO  : 'con' command is executed.
15:39:03 INFO  : ----------------XSDB Script (After Launch)----------------
targets -set -nocase -filter {name =~ "ARM*#0" && jtag_cable_name =~ "Platform Cable USB Port_#0003.Hub_#0004"} -index 0
con
----------------End of Script----------------

15:39:03 INFO  : Launch script is exported to file 'C:\Users\thyoo\ARM_1\ARM_1.sdk\.sdk\launch_scripts\xilinx_c-c++_application_(system_debugger)\arm_1_debug.tcl'
15:40:23 INFO  : Disconnected from the channel tcfchan#7.
15:40:24 INFO  : Connected to target on host '127.0.0.1' and port '3121'.
15:40:24 INFO  : Jtag cable 'Platform Cable USB Port_#0003.Hub_#0004' is selected.
15:40:24 INFO  : 'jtag frequency' command is executed.
15:40:24 INFO  : Sourcing of 'C:/Users/thyoo/ARM_1/ARM_1.sdk/system_wrapper_hw_platform_0/ps7_init.tcl' is done.
15:40:24 INFO  : Context for 'APU' is selected.
15:40:26 INFO  : Hardware design information is loaded from 'C:/Users/thyoo/ARM_1/ARM_1.sdk/system_wrapper_hw_platform_0/system.hdf'.
15:40:26 INFO  : 'configparams force-mem-access 1' command is executed.
15:40:26 INFO  : Context for 'APU' is selected.
15:40:26 INFO  : 'stop' command is executed.
15:40:27 INFO  : 'ps7_init' command is executed.
15:40:27 INFO  : 'ps7_post_config' command is executed.
15:40:27 INFO  : Context for processor 'ps7_cortexa9_0' is selected.
15:40:27 INFO  : Processor reset is completed for 'ps7_cortexa9_0'.
15:40:27 INFO  : Context for processor 'ps7_cortexa9_0' is selected.
15:40:27 INFO  : The application 'C:/Users/thyoo/ARM_1/ARM_1.sdk/ARM_1/Debug/ARM_1.elf' is downloaded to processor 'ps7_cortexa9_0'.
15:40:27 INFO  : 'configparams force-mem-access 0' command is executed.
15:40:27 INFO  : ----------------XSDB Script----------------
connect -url tcp:127.0.0.1:3121
source C:/Users/thyoo/ARM_1/ARM_1.sdk/system_wrapper_hw_platform_0/ps7_init.tcl
targets -set -nocase -filter {name =~"APU*" && jtag_cable_name =~ "Platform Cable USB Port_#0003.Hub_#0004"} -index 0
loadhw -hw C:/Users/thyoo/ARM_1/ARM_1.sdk/system_wrapper_hw_platform_0/system.hdf -mem-ranges [list {0x40000000 0xbfffffff}]
configparams force-mem-access 1
targets -set -nocase -filter {name =~"APU*" && jtag_cable_name =~ "Platform Cable USB Port_#0003.Hub_#0004"} -index 0
stop
ps7_init
ps7_post_config
targets -set -nocase -filter {name =~ "ARM*#0" && jtag_cable_name =~ "Platform Cable USB Port_#0003.Hub_#0004"} -index 0
rst -processor
targets -set -nocase -filter {name =~ "ARM*#0" && jtag_cable_name =~ "Platform Cable USB Port_#0003.Hub_#0004"} -index 0
dow C:/Users/thyoo/ARM_1/ARM_1.sdk/ARM_1/Debug/ARM_1.elf
configparams force-mem-access 0
----------------End of Script----------------

15:40:27 INFO  : Context for processor 'ps7_cortexa9_0' is selected.
15:40:27 INFO  : 'con' command is executed.
15:40:27 INFO  : ----------------XSDB Script (After Launch)----------------
targets -set -nocase -filter {name =~ "ARM*#0" && jtag_cable_name =~ "Platform Cable USB Port_#0003.Hub_#0004"} -index 0
con
----------------End of Script----------------

15:40:27 INFO  : Launch script is exported to file 'C:\Users\thyoo\ARM_1\ARM_1.sdk\.sdk\launch_scripts\xilinx_c-c++_application_(system_debugger)\arm_1_debug.tcl'
15:41:58 INFO  : Disconnected from the channel tcfchan#8.
15:41:59 INFO  : Connected to target on host '127.0.0.1' and port '3121'.
15:41:59 INFO  : Jtag cable 'Platform Cable USB Port_#0003.Hub_#0004' is selected.
15:41:59 INFO  : 'jtag frequency' command is executed.
15:41:59 INFO  : Sourcing of 'C:/Users/thyoo/ARM_1/ARM_1.sdk/system_wrapper_hw_platform_0/ps7_init.tcl' is done.
15:41:59 INFO  : Context for 'APU' is selected.
15:42:01 INFO  : Hardware design information is loaded from 'C:/Users/thyoo/ARM_1/ARM_1.sdk/system_wrapper_hw_platform_0/system.hdf'.
15:42:01 INFO  : 'configparams force-mem-access 1' command is executed.
15:42:01 INFO  : Context for 'APU' is selected.
15:42:01 INFO  : 'stop' command is executed.
15:42:01 INFO  : 'ps7_init' command is executed.
15:42:01 INFO  : 'ps7_post_config' command is executed.
15:42:01 INFO  : Context for processor 'ps7_cortexa9_0' is selected.
15:42:01 INFO  : Processor reset is completed for 'ps7_cortexa9_0'.
15:42:01 INFO  : Context for processor 'ps7_cortexa9_0' is selected.
15:42:02 INFO  : The application 'C:/Users/thyoo/ARM_1/ARM_1.sdk/ARM_1/Debug/ARM_1.elf' is downloaded to processor 'ps7_cortexa9_0'.
15:42:02 INFO  : 'configparams force-mem-access 0' command is executed.
15:42:02 INFO  : ----------------XSDB Script----------------
connect -url tcp:127.0.0.1:3121
source C:/Users/thyoo/ARM_1/ARM_1.sdk/system_wrapper_hw_platform_0/ps7_init.tcl
targets -set -nocase -filter {name =~"APU*" && jtag_cable_name =~ "Platform Cable USB Port_#0003.Hub_#0004"} -index 0
loadhw -hw C:/Users/thyoo/ARM_1/ARM_1.sdk/system_wrapper_hw_platform_0/system.hdf -mem-ranges [list {0x40000000 0xbfffffff}]
configparams force-mem-access 1
targets -set -nocase -filter {name =~"APU*" && jtag_cable_name =~ "Platform Cable USB Port_#0003.Hub_#0004"} -index 0
stop
ps7_init
ps7_post_config
targets -set -nocase -filter {name =~ "ARM*#0" && jtag_cable_name =~ "Platform Cable USB Port_#0003.Hub_#0004"} -index 0
rst -processor
targets -set -nocase -filter {name =~ "ARM*#0" && jtag_cable_name =~ "Platform Cable USB Port_#0003.Hub_#0004"} -index 0
dow C:/Users/thyoo/ARM_1/ARM_1.sdk/ARM_1/Debug/ARM_1.elf
configparams force-mem-access 0
----------------End of Script----------------

15:42:02 INFO  : Context for processor 'ps7_cortexa9_0' is selected.
15:42:02 INFO  : 'con' command is executed.
15:42:02 INFO  : ----------------XSDB Script (After Launch)----------------
targets -set -nocase -filter {name =~ "ARM*#0" && jtag_cable_name =~ "Platform Cable USB Port_#0003.Hub_#0004"} -index 0
con
----------------End of Script----------------

15:42:02 INFO  : Launch script is exported to file 'C:\Users\thyoo\ARM_1\ARM_1.sdk\.sdk\launch_scripts\xilinx_c-c++_application_(system_debugger)\arm_1_debug.tcl'
15:44:19 INFO  : Disconnected from the channel tcfchan#9.
15:44:20 INFO  : Connected to target on host '127.0.0.1' and port '3121'.
15:44:21 INFO  : Jtag cable 'Platform Cable USB Port_#0003.Hub_#0004' is selected.
15:44:21 INFO  : 'jtag frequency' command is executed.
15:44:21 INFO  : Sourcing of 'C:/Users/thyoo/ARM_1/ARM_1.sdk/system_wrapper_hw_platform_0/ps7_init.tcl' is done.
15:44:21 INFO  : Context for 'APU' is selected.
15:44:22 INFO  : Hardware design information is loaded from 'C:/Users/thyoo/ARM_1/ARM_1.sdk/system_wrapper_hw_platform_0/system.hdf'.
15:44:22 INFO  : 'configparams force-mem-access 1' command is executed.
15:44:23 INFO  : Context for 'APU' is selected.
15:44:23 INFO  : 'stop' command is executed.
15:44:23 INFO  : 'ps7_init' command is executed.
15:44:23 INFO  : 'ps7_post_config' command is executed.
15:44:23 INFO  : Context for processor 'ps7_cortexa9_0' is selected.
15:44:23 INFO  : Processor reset is completed for 'ps7_cortexa9_0'.
15:44:23 INFO  : Context for processor 'ps7_cortexa9_0' is selected.
15:44:23 INFO  : The application 'C:/Users/thyoo/ARM_1/ARM_1.sdk/ARM_1/Debug/ARM_1.elf' is downloaded to processor 'ps7_cortexa9_0'.
15:44:24 INFO  : 'configparams force-mem-access 0' command is executed.
15:44:24 INFO  : ----------------XSDB Script----------------
connect -url tcp:127.0.0.1:3121
source C:/Users/thyoo/ARM_1/ARM_1.sdk/system_wrapper_hw_platform_0/ps7_init.tcl
targets -set -nocase -filter {name =~"APU*" && jtag_cable_name =~ "Platform Cable USB Port_#0003.Hub_#0004"} -index 0
loadhw -hw C:/Users/thyoo/ARM_1/ARM_1.sdk/system_wrapper_hw_platform_0/system.hdf -mem-ranges [list {0x40000000 0xbfffffff}]
configparams force-mem-access 1
targets -set -nocase -filter {name =~"APU*" && jtag_cable_name =~ "Platform Cable USB Port_#0003.Hub_#0004"} -index 0
stop
ps7_init
ps7_post_config
targets -set -nocase -filter {name =~ "ARM*#0" && jtag_cable_name =~ "Platform Cable USB Port_#0003.Hub_#0004"} -index 0
rst -processor
targets -set -nocase -filter {name =~ "ARM*#0" && jtag_cable_name =~ "Platform Cable USB Port_#0003.Hub_#0004"} -index 0
dow C:/Users/thyoo/ARM_1/ARM_1.sdk/ARM_1/Debug/ARM_1.elf
configparams force-mem-access 0
----------------End of Script----------------

15:44:24 INFO  : Context for processor 'ps7_cortexa9_0' is selected.
15:44:24 INFO  : 'con' command is executed.
15:44:24 INFO  : ----------------XSDB Script (After Launch)----------------
targets -set -nocase -filter {name =~ "ARM*#0" && jtag_cable_name =~ "Platform Cable USB Port_#0003.Hub_#0004"} -index 0
con
----------------End of Script----------------

15:44:24 INFO  : Launch script is exported to file 'C:\Users\thyoo\ARM_1\ARM_1.sdk\.sdk\launch_scripts\xilinx_c-c++_application_(system_debugger)\arm_1_debug.tcl'
15:45:20 INFO  : Disconnected from the channel tcfchan#10.
15:45:21 INFO  : Connected to target on host '127.0.0.1' and port '3121'.
15:45:21 INFO  : Jtag cable 'Platform Cable USB Port_#0003.Hub_#0004' is selected.
15:45:21 INFO  : 'jtag frequency' command is executed.
15:45:21 INFO  : Sourcing of 'C:/Users/thyoo/ARM_1/ARM_1.sdk/system_wrapper_hw_platform_0/ps7_init.tcl' is done.
15:45:21 INFO  : Context for 'APU' is selected.
15:45:23 INFO  : Hardware design information is loaded from 'C:/Users/thyoo/ARM_1/ARM_1.sdk/system_wrapper_hw_platform_0/system.hdf'.
15:45:23 INFO  : 'configparams force-mem-access 1' command is executed.
15:45:23 INFO  : Context for 'APU' is selected.
15:45:23 INFO  : 'stop' command is executed.
15:45:23 INFO  : 'ps7_init' command is executed.
15:45:23 INFO  : 'ps7_post_config' command is executed.
15:45:23 INFO  : Context for processor 'ps7_cortexa9_0' is selected.
15:45:23 INFO  : Processor reset is completed for 'ps7_cortexa9_0'.
15:45:23 INFO  : Context for processor 'ps7_cortexa9_0' is selected.
15:45:24 INFO  : The application 'C:/Users/thyoo/ARM_1/ARM_1.sdk/ARM_1/Debug/ARM_1.elf' is downloaded to processor 'ps7_cortexa9_0'.
15:45:24 INFO  : 'configparams force-mem-access 0' command is executed.
15:45:24 INFO  : ----------------XSDB Script----------------
connect -url tcp:127.0.0.1:3121
source C:/Users/thyoo/ARM_1/ARM_1.sdk/system_wrapper_hw_platform_0/ps7_init.tcl
targets -set -nocase -filter {name =~"APU*" && jtag_cable_name =~ "Platform Cable USB Port_#0003.Hub_#0004"} -index 0
loadhw -hw C:/Users/thyoo/ARM_1/ARM_1.sdk/system_wrapper_hw_platform_0/system.hdf -mem-ranges [list {0x40000000 0xbfffffff}]
configparams force-mem-access 1
targets -set -nocase -filter {name =~"APU*" && jtag_cable_name =~ "Platform Cable USB Port_#0003.Hub_#0004"} -index 0
stop
ps7_init
ps7_post_config
targets -set -nocase -filter {name =~ "ARM*#0" && jtag_cable_name =~ "Platform Cable USB Port_#0003.Hub_#0004"} -index 0
rst -processor
targets -set -nocase -filter {name =~ "ARM*#0" && jtag_cable_name =~ "Platform Cable USB Port_#0003.Hub_#0004"} -index 0
dow C:/Users/thyoo/ARM_1/ARM_1.sdk/ARM_1/Debug/ARM_1.elf
configparams force-mem-access 0
----------------End of Script----------------

15:45:24 INFO  : Context for processor 'ps7_cortexa9_0' is selected.
15:45:24 INFO  : 'con' command is executed.
15:45:24 INFO  : ----------------XSDB Script (After Launch)----------------
targets -set -nocase -filter {name =~ "ARM*#0" && jtag_cable_name =~ "Platform Cable USB Port_#0003.Hub_#0004"} -index 0
con
----------------End of Script----------------

15:45:24 INFO  : Launch script is exported to file 'C:\Users\thyoo\ARM_1\ARM_1.sdk\.sdk\launch_scripts\xilinx_c-c++_application_(system_debugger)\arm_1_debug.tcl'
15:46:38 INFO  : Disconnected from the channel tcfchan#11.
15:46:39 INFO  : Connected to target on host '127.0.0.1' and port '3121'.
15:46:39 INFO  : Jtag cable 'Platform Cable USB Port_#0003.Hub_#0004' is selected.
15:46:39 INFO  : 'jtag frequency' command is executed.
15:46:39 INFO  : Sourcing of 'C:/Users/thyoo/ARM_1/ARM_1.sdk/system_wrapper_hw_platform_0/ps7_init.tcl' is done.
15:46:39 INFO  : Context for 'APU' is selected.
15:46:41 INFO  : Hardware design information is loaded from 'C:/Users/thyoo/ARM_1/ARM_1.sdk/system_wrapper_hw_platform_0/system.hdf'.
15:46:41 INFO  : 'configparams force-mem-access 1' command is executed.
15:46:41 INFO  : Context for 'APU' is selected.
15:46:41 INFO  : 'stop' command is executed.
15:46:41 INFO  : 'ps7_init' command is executed.
15:46:41 INFO  : 'ps7_post_config' command is executed.
15:46:41 INFO  : Context for processor 'ps7_cortexa9_0' is selected.
15:46:41 INFO  : Processor reset is completed for 'ps7_cortexa9_0'.
15:46:41 INFO  : Context for processor 'ps7_cortexa9_0' is selected.
15:46:42 INFO  : The application 'C:/Users/thyoo/ARM_1/ARM_1.sdk/ARM_1/Debug/ARM_1.elf' is downloaded to processor 'ps7_cortexa9_0'.
15:46:42 INFO  : 'configparams force-mem-access 0' command is executed.
15:46:42 INFO  : ----------------XSDB Script----------------
connect -url tcp:127.0.0.1:3121
source C:/Users/thyoo/ARM_1/ARM_1.sdk/system_wrapper_hw_platform_0/ps7_init.tcl
targets -set -nocase -filter {name =~"APU*" && jtag_cable_name =~ "Platform Cable USB Port_#0003.Hub_#0004"} -index 0
loadhw -hw C:/Users/thyoo/ARM_1/ARM_1.sdk/system_wrapper_hw_platform_0/system.hdf -mem-ranges [list {0x40000000 0xbfffffff}]
configparams force-mem-access 1
targets -set -nocase -filter {name =~"APU*" && jtag_cable_name =~ "Platform Cable USB Port_#0003.Hub_#0004"} -index 0
stop
ps7_init
ps7_post_config
targets -set -nocase -filter {name =~ "ARM*#0" && jtag_cable_name =~ "Platform Cable USB Port_#0003.Hub_#0004"} -index 0
rst -processor
targets -set -nocase -filter {name =~ "ARM*#0" && jtag_cable_name =~ "Platform Cable USB Port_#0003.Hub_#0004"} -index 0
dow C:/Users/thyoo/ARM_1/ARM_1.sdk/ARM_1/Debug/ARM_1.elf
configparams force-mem-access 0
----------------End of Script----------------

15:46:42 INFO  : Context for processor 'ps7_cortexa9_0' is selected.
15:46:42 INFO  : 'con' command is executed.
15:46:42 INFO  : ----------------XSDB Script (After Launch)----------------
targets -set -nocase -filter {name =~ "ARM*#0" && jtag_cable_name =~ "Platform Cable USB Port_#0003.Hub_#0004"} -index 0
con
----------------End of Script----------------

15:46:42 INFO  : Launch script is exported to file 'C:\Users\thyoo\ARM_1\ARM_1.sdk\.sdk\launch_scripts\xilinx_c-c++_application_(system_debugger)\arm_1_debug.tcl'
15:47:05 INFO  : Disconnected from the channel tcfchan#12.
15:47:06 INFO  : Connected to target on host '127.0.0.1' and port '3121'.
15:47:07 INFO  : Jtag cable 'Platform Cable USB Port_#0003.Hub_#0004' is selected.
15:47:07 INFO  : 'jtag frequency' command is executed.
15:47:07 INFO  : Sourcing of 'C:/Users/thyoo/ARM_1/ARM_1.sdk/system_wrapper_hw_platform_0/ps7_init.tcl' is done.
15:47:07 INFO  : Context for 'APU' is selected.
15:47:08 INFO  : Hardware design information is loaded from 'C:/Users/thyoo/ARM_1/ARM_1.sdk/system_wrapper_hw_platform_0/system.hdf'.
15:47:08 INFO  : 'configparams force-mem-access 1' command is executed.
15:47:08 INFO  : Context for 'APU' is selected.
15:47:09 INFO  : 'stop' command is executed.
15:47:09 INFO  : 'ps7_init' command is executed.
15:47:09 INFO  : 'ps7_post_config' command is executed.
15:47:09 INFO  : Context for processor 'ps7_cortexa9_0' is selected.
15:47:09 INFO  : Processor reset is completed for 'ps7_cortexa9_0'.
15:47:09 INFO  : Context for processor 'ps7_cortexa9_0' is selected.
15:47:09 INFO  : The application 'C:/Users/thyoo/ARM_1/ARM_1.sdk/ARM_1/Debug/ARM_1.elf' is downloaded to processor 'ps7_cortexa9_0'.
15:47:09 INFO  : 'configparams force-mem-access 0' command is executed.
15:47:09 INFO  : ----------------XSDB Script----------------
connect -url tcp:127.0.0.1:3121
source C:/Users/thyoo/ARM_1/ARM_1.sdk/system_wrapper_hw_platform_0/ps7_init.tcl
targets -set -nocase -filter {name =~"APU*" && jtag_cable_name =~ "Platform Cable USB Port_#0003.Hub_#0004"} -index 0
loadhw -hw C:/Users/thyoo/ARM_1/ARM_1.sdk/system_wrapper_hw_platform_0/system.hdf -mem-ranges [list {0x40000000 0xbfffffff}]
configparams force-mem-access 1
targets -set -nocase -filter {name =~"APU*" && jtag_cable_name =~ "Platform Cable USB Port_#0003.Hub_#0004"} -index 0
stop
ps7_init
ps7_post_config
targets -set -nocase -filter {name =~ "ARM*#0" && jtag_cable_name =~ "Platform Cable USB Port_#0003.Hub_#0004"} -index 0
rst -processor
targets -set -nocase -filter {name =~ "ARM*#0" && jtag_cable_name =~ "Platform Cable USB Port_#0003.Hub_#0004"} -index 0
dow C:/Users/thyoo/ARM_1/ARM_1.sdk/ARM_1/Debug/ARM_1.elf
configparams force-mem-access 0
----------------End of Script----------------

15:47:09 INFO  : Context for processor 'ps7_cortexa9_0' is selected.
15:47:10 INFO  : 'con' command is executed.
15:47:10 INFO  : ----------------XSDB Script (After Launch)----------------
targets -set -nocase -filter {name =~ "ARM*#0" && jtag_cable_name =~ "Platform Cable USB Port_#0003.Hub_#0004"} -index 0
con
----------------End of Script----------------

15:47:10 INFO  : Launch script is exported to file 'C:\Users\thyoo\ARM_1\ARM_1.sdk\.sdk\launch_scripts\xilinx_c-c++_application_(system_debugger)\arm_1_debug.tcl'
15:48:46 INFO  : Disconnected from the channel tcfchan#13.
15:48:47 INFO  : Connected to target on host '127.0.0.1' and port '3121'.
15:48:47 INFO  : Jtag cable 'Platform Cable USB Port_#0003.Hub_#0004' is selected.
15:48:47 INFO  : 'jtag frequency' command is executed.
15:48:47 INFO  : Sourcing of 'C:/Users/thyoo/ARM_1/ARM_1.sdk/system_wrapper_hw_platform_0/ps7_init.tcl' is done.
15:48:48 INFO  : Context for 'APU' is selected.
15:48:49 INFO  : Hardware design information is loaded from 'C:/Users/thyoo/ARM_1/ARM_1.sdk/system_wrapper_hw_platform_0/system.hdf'.
15:48:49 INFO  : 'configparams force-mem-access 1' command is executed.
15:48:49 INFO  : Context for 'APU' is selected.
15:48:49 INFO  : 'stop' command is executed.
15:48:49 INFO  : 'ps7_init' command is executed.
15:48:50 INFO  : 'ps7_post_config' command is executed.
15:48:50 INFO  : Context for processor 'ps7_cortexa9_0' is selected.
15:48:50 INFO  : Processor reset is completed for 'ps7_cortexa9_0'.
15:48:50 INFO  : Context for processor 'ps7_cortexa9_0' is selected.
15:48:50 INFO  : The application 'C:/Users/thyoo/ARM_1/ARM_1.sdk/ARM_1/Debug/ARM_1.elf' is downloaded to processor 'ps7_cortexa9_0'.
15:48:50 INFO  : 'configparams force-mem-access 0' command is executed.
15:48:50 INFO  : ----------------XSDB Script----------------
connect -url tcp:127.0.0.1:3121
source C:/Users/thyoo/ARM_1/ARM_1.sdk/system_wrapper_hw_platform_0/ps7_init.tcl
targets -set -nocase -filter {name =~"APU*" && jtag_cable_name =~ "Platform Cable USB Port_#0003.Hub_#0004"} -index 0
loadhw -hw C:/Users/thyoo/ARM_1/ARM_1.sdk/system_wrapper_hw_platform_0/system.hdf -mem-ranges [list {0x40000000 0xbfffffff}]
configparams force-mem-access 1
targets -set -nocase -filter {name =~"APU*" && jtag_cable_name =~ "Platform Cable USB Port_#0003.Hub_#0004"} -index 0
stop
ps7_init
ps7_post_config
targets -set -nocase -filter {name =~ "ARM*#0" && jtag_cable_name =~ "Platform Cable USB Port_#0003.Hub_#0004"} -index 0
rst -processor
targets -set -nocase -filter {name =~ "ARM*#0" && jtag_cable_name =~ "Platform Cable USB Port_#0003.Hub_#0004"} -index 0
dow C:/Users/thyoo/ARM_1/ARM_1.sdk/ARM_1/Debug/ARM_1.elf
configparams force-mem-access 0
----------------End of Script----------------

15:48:50 INFO  : Context for processor 'ps7_cortexa9_0' is selected.
15:48:50 INFO  : 'con' command is executed.
15:48:50 INFO  : ----------------XSDB Script (After Launch)----------------
targets -set -nocase -filter {name =~ "ARM*#0" && jtag_cable_name =~ "Platform Cable USB Port_#0003.Hub_#0004"} -index 0
con
----------------End of Script----------------

15:48:50 INFO  : Launch script is exported to file 'C:\Users\thyoo\ARM_1\ARM_1.sdk\.sdk\launch_scripts\xilinx_c-c++_application_(system_debugger)\arm_1_debug.tcl'
15:53:09 INFO  : Disconnected from the channel tcfchan#14.
15:53:10 INFO  : Connected to target on host '127.0.0.1' and port '3121'.
15:53:11 INFO  : Jtag cable 'Platform Cable USB Port_#0003.Hub_#0004' is selected.
15:53:11 INFO  : 'jtag frequency' command is executed.
15:53:11 INFO  : Sourcing of 'C:/Users/thyoo/ARM_1/ARM_1.sdk/system_wrapper_hw_platform_0/ps7_init.tcl' is done.
15:53:11 INFO  : Context for 'APU' is selected.
15:53:12 INFO  : Hardware design information is loaded from 'C:/Users/thyoo/ARM_1/ARM_1.sdk/system_wrapper_hw_platform_0/system.hdf'.
15:53:12 INFO  : 'configparams force-mem-access 1' command is executed.
15:53:12 INFO  : Context for 'APU' is selected.
15:53:12 INFO  : 'stop' command is executed.
15:53:12 INFO  : 'ps7_init' command is executed.
15:53:12 INFO  : 'ps7_post_config' command is executed.
15:53:12 INFO  : Context for processor 'ps7_cortexa9_0' is selected.
15:53:13 INFO  : Processor reset is completed for 'ps7_cortexa9_0'.
15:53:13 INFO  : Context for processor 'ps7_cortexa9_0' is selected.
15:53:13 INFO  : The application 'C:/Users/thyoo/ARM_1/ARM_1.sdk/ARM_1/Debug/ARM_1.elf' is downloaded to processor 'ps7_cortexa9_0'.
15:53:13 INFO  : 'configparams force-mem-access 0' command is executed.
15:53:13 INFO  : ----------------XSDB Script----------------
connect -url tcp:127.0.0.1:3121
source C:/Users/thyoo/ARM_1/ARM_1.sdk/system_wrapper_hw_platform_0/ps7_init.tcl
targets -set -nocase -filter {name =~"APU*" && jtag_cable_name =~ "Platform Cable USB Port_#0003.Hub_#0004"} -index 0
loadhw -hw C:/Users/thyoo/ARM_1/ARM_1.sdk/system_wrapper_hw_platform_0/system.hdf -mem-ranges [list {0x40000000 0xbfffffff}]
configparams force-mem-access 1
targets -set -nocase -filter {name =~"APU*" && jtag_cable_name =~ "Platform Cable USB Port_#0003.Hub_#0004"} -index 0
stop
ps7_init
ps7_post_config
targets -set -nocase -filter {name =~ "ARM*#0" && jtag_cable_name =~ "Platform Cable USB Port_#0003.Hub_#0004"} -index 0
rst -processor
targets -set -nocase -filter {name =~ "ARM*#0" && jtag_cable_name =~ "Platform Cable USB Port_#0003.Hub_#0004"} -index 0
dow C:/Users/thyoo/ARM_1/ARM_1.sdk/ARM_1/Debug/ARM_1.elf
configparams force-mem-access 0
----------------End of Script----------------

15:53:13 INFO  : Context for processor 'ps7_cortexa9_0' is selected.
15:53:13 INFO  : 'con' command is executed.
15:53:13 INFO  : ----------------XSDB Script (After Launch)----------------
targets -set -nocase -filter {name =~ "ARM*#0" && jtag_cable_name =~ "Platform Cable USB Port_#0003.Hub_#0004"} -index 0
con
----------------End of Script----------------

15:53:13 INFO  : Launch script is exported to file 'C:\Users\thyoo\ARM_1\ARM_1.sdk\.sdk\launch_scripts\xilinx_c-c++_application_(system_debugger)\arm_1_debug.tcl'
15:53:42 INFO  : Disconnected from the channel tcfchan#15.
15:53:44 INFO  : Connected to target on host '127.0.0.1' and port '3121'.
15:53:44 INFO  : Jtag cable 'Platform Cable USB Port_#0003.Hub_#0004' is selected.
15:53:44 INFO  : 'jtag frequency' command is executed.
15:53:44 INFO  : Sourcing of 'C:/Users/thyoo/ARM_1/ARM_1.sdk/system_wrapper_hw_platform_0/ps7_init.tcl' is done.
15:53:44 INFO  : Context for 'APU' is selected.
15:53:46 INFO  : Hardware design information is loaded from 'C:/Users/thyoo/ARM_1/ARM_1.sdk/system_wrapper_hw_platform_0/system.hdf'.
15:53:46 INFO  : 'configparams force-mem-access 1' command is executed.
15:53:46 INFO  : Context for 'APU' is selected.
15:53:46 INFO  : 'stop' command is executed.
15:53:46 INFO  : 'ps7_init' command is executed.
15:53:46 INFO  : 'ps7_post_config' command is executed.
15:53:46 INFO  : Context for processor 'ps7_cortexa9_0' is selected.
15:53:46 INFO  : Processor reset is completed for 'ps7_cortexa9_0'.
15:53:46 INFO  : Context for processor 'ps7_cortexa9_0' is selected.
15:53:47 INFO  : The application 'C:/Users/thyoo/ARM_1/ARM_1.sdk/ARM_1/Debug/ARM_1.elf' is downloaded to processor 'ps7_cortexa9_0'.
15:53:47 INFO  : 'configparams force-mem-access 0' command is executed.
15:53:47 INFO  : ----------------XSDB Script----------------
connect -url tcp:127.0.0.1:3121
source C:/Users/thyoo/ARM_1/ARM_1.sdk/system_wrapper_hw_platform_0/ps7_init.tcl
targets -set -nocase -filter {name =~"APU*" && jtag_cable_name =~ "Platform Cable USB Port_#0003.Hub_#0004"} -index 0
loadhw -hw C:/Users/thyoo/ARM_1/ARM_1.sdk/system_wrapper_hw_platform_0/system.hdf -mem-ranges [list {0x40000000 0xbfffffff}]
configparams force-mem-access 1
targets -set -nocase -filter {name =~"APU*" && jtag_cable_name =~ "Platform Cable USB Port_#0003.Hub_#0004"} -index 0
stop
ps7_init
ps7_post_config
targets -set -nocase -filter {name =~ "ARM*#0" && jtag_cable_name =~ "Platform Cable USB Port_#0003.Hub_#0004"} -index 0
rst -processor
targets -set -nocase -filter {name =~ "ARM*#0" && jtag_cable_name =~ "Platform Cable USB Port_#0003.Hub_#0004"} -index 0
dow C:/Users/thyoo/ARM_1/ARM_1.sdk/ARM_1/Debug/ARM_1.elf
configparams force-mem-access 0
----------------End of Script----------------

15:53:47 INFO  : Context for processor 'ps7_cortexa9_0' is selected.
15:53:47 INFO  : 'con' command is executed.
15:53:47 INFO  : ----------------XSDB Script (After Launch)----------------
targets -set -nocase -filter {name =~ "ARM*#0" && jtag_cable_name =~ "Platform Cable USB Port_#0003.Hub_#0004"} -index 0
con
----------------End of Script----------------

15:53:47 INFO  : Launch script is exported to file 'C:\Users\thyoo\ARM_1\ARM_1.sdk\.sdk\launch_scripts\xilinx_c-c++_application_(system_debugger)\arm_1_debug.tcl'
15:54:14 INFO  : Disconnected from the channel tcfchan#16.
15:59:23 INFO  : Registering command handlers for SDK TCF services
15:59:24 INFO  : Launching XSCT server: xsct.bat -interactive C:\Users\thyoo\ARM_1\ARM_1.sdk\temp_xsdb_launch_script.tcl
15:59:26 INFO  : XSCT server has started successfully.
15:59:26 INFO  : Processing command line option -hwspec C:/Users/thyoo/ARM_1/ARM_1.sdk/system_wrapper.hdf.
15:59:26 INFO  : Successfully done setting XSCT server connection channel  
15:59:26 INFO  : Successfully done setting SDK workspace  
15:59:26 INFO  : Checking for hwspec changes in the project system_wrapper_hw_platform_0.
