Copyright 1986-2019 Xilinx, Inc. All Rights Reserved.
------------------------------------------------------------------------------------
| Tool Version : Vivado v.2019.1 (win64) Build 2552052 Fri May 24 14:49:42 MDT 2019
| Date         : Thu May  6 16:46:26 2021
| Host         : LAPTOP-GREATHONEY running 64-bit major release  (build 9200)
| Command      : report_control_sets -verbose -file top_control_sets_placed.rpt
| Design       : top
| Device       : xc7z020
------------------------------------------------------------------------------------

Control Set Information

Table of Contents
-----------------
1. Summary
2. Histogram
3. Flip-Flop Distribution
4. Detailed Control Set Information

1. Summary
----------

+----------------------------------------------------------+-------+
|                          Status                          | Count |
+----------------------------------------------------------+-------+
| Total control sets                                       |     7 |
|    Minimum number of control sets                        |     7 |
|    Addition due to synthesis replication                 |     0 |
|    Addition due to physical synthesis replication        |     0 |
| Unused register locations in slices containing registers |    30 |
+----------------------------------------------------------+-------+
* Control sets can be merged at opt_design using control_set_merge or merge_equivalent_drivers
** Run report_qor_suggestions for automated merging and remapping suggestions


2. Histogram
------------

+--------------------+-------+
|       Fanout       | Count |
+--------------------+-------+
| Total control sets |     7 |
| >= 0 to < 4        |     2 |
| >= 4 to < 6        |     0 |
| >= 6 to < 8        |     0 |
| >= 8 to < 10       |     1 |
| >= 10 to < 12      |     1 |
| >= 12 to < 14      |     2 |
| >= 14 to < 16      |     0 |
| >= 16              |     1 |
+--------------------+-------+
* Control sets can be remapped at either synth_design or opt_design


3. Flip-Flop Distribution
-------------------------

+--------------+-----------------------+------------------------+-----------------+--------------+
| Clock Enable | Synchronous Set/Reset | Asynchronous Set/Reset | Total Registers | Total Slices |
+--------------+-----------------------+------------------------+-----------------+--------------+
| No           | No                    | No                     |              13 |            8 |
| No           | No                    | Yes                    |              28 |           15 |
| No           | Yes                   | No                     |               3 |            1 |
| Yes          | No                    | No                     |               0 |            0 |
| Yes          | No                    | Yes                    |              22 |            8 |
| Yes          | Yes                   | No                     |               0 |            0 |
+--------------+-----------------------+------------------------+-----------------+--------------+


4. Detailed Control Set Information
-----------------------------------

+---------------------------------------------+-----------------------------------------+-----------------------------------+------------------+----------------+
|                 Clock Signal                |              Enable Signal              |          Set/Reset Signal         | Slice Load Count | Bel Load Count |
+---------------------------------------------+-----------------------------------------+-----------------------------------+------------------+----------------+
|  TFTLCD_CLK_IBUF_BUFG                       |                                         | TFTLCDCtrl_i/f_BRAMCtrl/AR[0]     |                1 |              1 |
|  TFTLCDCtrl_i/b_horizontal/H_COUNT_reg[0]_0 |                                         | TFTLCDCtrl_i/c_vertical/vDE_reg_0 |                1 |              3 |
|  TFTLCD_TCLK_OBUF_BUFG                      | TFTLCDCtrl_i/f_BRAMCtrl/hcnt[8]_i_1_n_0 | TFTLCDCtrl_i/f_BRAMCtrl/AR[0]     |                4 |              9 |
|  TFTLCDCtrl_i/b_horizontal/CLK              |                                         | TFTLCDCtrl_i/f_BRAMCtrl/AR[0]     |                8 |             11 |
|  TFTLCD_CLK_IBUF_BUFG                       |                                         |                                   |                8 |             13 |
|  TFTLCD_TCLK_OBUF_BUFG                      | TFTLCDCtrl_i/c_vertical/E[0]            | TFTLCDCtrl_i/f_BRAMCtrl/AR[0]     |                4 |             13 |
|  TFTLCD_TCLK_OBUF_BUFG                      |                                         | TFTLCDCtrl_i/f_BRAMCtrl/AR[0]     |                6 |             16 |
+---------------------------------------------+-----------------------------------------+-----------------------------------+------------------+----------------+


