11:04:21 INFO  : Registering command handlers for SDK TCF services
11:04:22 INFO  : Launching XSCT server: xsct.bat -interactive C:\Users\thyoo\vivado\ps_textlcd\ps_textlcd.sdk\temp_xsdb_launch_script.tcl
11:04:26 INFO  : XSCT server has started successfully.
11:04:29 INFO  : Successfully done setting XSCT server connection channel  
11:04:29 INFO  : Processing command line option -hwspec C:/Users/thyoo/vivado/ps_textlcd/ps_textlcd.sdk/system_wrapper.hdf.
11:04:29 INFO  : Successfully done setting SDK workspace  
11:06:58 INFO  : Saving repository preferences.
11:06:58 INFO  : Reading in cores from local repositories: 
		 C:\Users\thyoo\vivado\ip_repo
11:06:58 INFO  : Cleaning BSP projects in the workspace.
11:07:32 INFO  : No changes in MSS file content so not generating sources.
15:21:17 INFO  : Registering command handlers for SDK TCF services
15:21:18 INFO  : Launching XSCT server: xsct.bat -interactive C:\Users\thyoo\vivado\ps_textlcd\ps_textlcd.sdk\temp_xsdb_launch_script.tcl
15:21:21 INFO  : XSCT server has started successfully.
15:21:21 INFO  : Successfully done setting XSCT server connection channel  
15:21:24 INFO  : Restoring local repository preferences: 
		 C:\Users\thyoo\vivado\ip_repo
15:21:24 INFO  : Successfully done setting SDK workspace  
15:21:24 INFO  : Processing command line option -hwspec C:/Users/thyoo/vivado/ps_textlcd/ps_textlcd.sdk/system_wrapper.hdf.
15:21:24 INFO  : Checking for hwspec changes in the project system_wrapper_hw_platform_0.
15:29:35 INFO  : Connected to target on host '127.0.0.1' and port '3121'.
15:29:45 INFO  : ----------------XSDB Script----------------
connect -url tcp:127.0.0.1:3121
----------------End of Script----------------

15:30:37 INFO  : Connected to target on host '127.0.0.1' and port '3121'.
15:30:55 INFO  : ----------------XSDB Script----------------
connect -url tcp:127.0.0.1:3121
----------------End of Script----------------

15:33:07 INFO  : Registering command handlers for SDK TCF services
15:33:07 INFO  : Launching XSCT server: xsct.bat -interactive C:\Users\thyoo\vivado\ps_textlcd\ps_textlcd.sdk\temp_xsdb_launch_script.tcl
15:33:09 INFO  : XSCT server has started successfully.
15:33:09 INFO  : Successfully done setting XSCT server connection channel  
15:33:10 INFO  : Restoring local repository preferences: 
		 C:\Users\thyoo\vivado\ip_repo
15:33:10 INFO  : Successfully done setting SDK workspace  
15:33:10 INFO  : Processing command line option -hwspec C:/Users/thyoo/vivado/ps_textlcd/ps_textlcd.sdk/system_wrapper.hdf.
15:33:10 INFO  : Checking for hwspec changes in the project system_wrapper_hw_platform_0.
15:33:46 INFO  : Connected to target on host '127.0.0.1' and port '3121'.
15:34:04 INFO  : ----------------XSDB Script----------------
connect -url tcp:127.0.0.1:3121
----------------End of Script----------------

15:36:31 INFO  : Registering command handlers for SDK TCF services
15:36:32 INFO  : Launching XSCT server: xsct.bat -interactive C:\Users\thyoo\vivado\ps_textlcd\ps_textlcd.sdk\temp_xsdb_launch_script.tcl
15:36:35 INFO  : XSCT server has started successfully.
15:36:39 INFO  : Restoring local repository preferences: 
		 C:\Users\thyoo\vivado\ip_repo
15:36:39 INFO  : Successfully done setting XSCT server connection channel  
15:36:39 INFO  : Processing command line option -hwspec C:/Users/thyoo/vivado/ps_textlcd/ps_textlcd.sdk/system_wrapper.hdf.
15:36:39 INFO  : Successfully done setting SDK workspace  
15:36:39 INFO  : Checking for hwspec changes in the project system_wrapper_hw_platform_0.
15:37:34 INFO  : Connected to target on host '127.0.0.1' and port '3121'.
15:37:52 INFO  : ----------------XSDB Script----------------
connect -url tcp:127.0.0.1:3121
----------------End of Script----------------

15:39:32 INFO  : Connected to target on host '127.0.0.1' and port '3121'.
15:39:50 INFO  : ----------------XSDB Script----------------
connect -url tcp:127.0.0.1:3121
----------------End of Script----------------

15:40:44 INFO  : Connected to target on host '127.0.0.1' and port '3121'.
15:41:02 INFO  : ----------------XSDB Script----------------
connect -url tcp:127.0.0.1:3121
----------------End of Script----------------

15:42:34 INFO  : Connected to target on host '127.0.0.1' and port '3121'.
15:42:52 INFO  : ----------------XSDB Script----------------
connect -url tcp:127.0.0.1:3121
----------------End of Script----------------

15:46:08 INFO  : Registering command handlers for SDK TCF services
15:46:09 INFO  : Launching XSCT server: xsct.bat -interactive C:\Users\thyoo\vivado\ps_textlcd\ps_textlcd.sdk\temp_xsdb_launch_script.tcl
15:46:11 INFO  : XSCT server has started successfully.
15:46:11 INFO  : Restoring local repository preferences: 
		 C:\Users\thyoo\vivado\ip_repo
15:46:11 INFO  : Successfully done setting XSCT server connection channel  
15:46:11 INFO  : Processing command line option -hwspec C:/Users/thyoo/vivado/ps_textlcd/ps_textlcd.sdk/system_wrapper.hdf.
15:46:11 INFO  : Successfully done setting SDK workspace  
15:46:12 INFO  : Checking for hwspec changes in the project system_wrapper_hw_platform_0.
15:52:20 INFO  : Registering command handlers for SDK TCF services
15:52:20 INFO  : Launching XSCT server: xsct.bat -interactive C:\Users\thyoo\vivado\ps_textlcd\ps_textlcd.sdk\temp_xsdb_launch_script.tcl
15:52:23 INFO  : XSCT server has started successfully.
15:52:23 INFO  : Restoring local repository preferences: 
		 C:\Users\thyoo\vivado\ip_repo
15:52:23 INFO  : Successfully done setting XSCT server connection channel  
15:52:23 INFO  : Processing command line option -hwspec C:/Users/thyoo/vivado/ps_textlcd/ps_textlcd.sdk/system_wrapper.hdf.
15:52:23 INFO  : Successfully done setting SDK workspace  
15:52:23 INFO  : Checking for hwspec changes in the project system_wrapper_hw_platform_0.
15:56:22 INFO  : Connected to target on host '127.0.0.1' and port '3121'.
15:56:40 INFO  : ----------------XSDB Script----------------
connect -url tcp:127.0.0.1:3121
----------------End of Script----------------

15:58:28 INFO  : Connected to target on host '127.0.0.1' and port '3121'.
15:58:37 INFO  : ----------------XSDB Script----------------
connect -url tcp:127.0.0.1:3121
----------------End of Script----------------

15:59:06 INFO  : Connected to target on host '127.0.0.1' and port '3121'.
15:59:16 INFO  : ----------------XSDB Script----------------
connect -url tcp:127.0.0.1:3121
----------------End of Script----------------

15:59:59 INFO  : Registering command handlers for SDK TCF services
16:00:00 INFO  : Launching XSCT server: xsct.bat -interactive C:\Users\thyoo\vivado\ps_textlcd\ps_textlcd.sdk\temp_xsdb_launch_script.tcl
16:00:02 INFO  : XSCT server has started successfully.
16:00:02 INFO  : Restoring local repository preferences: 
		 C:\Users\thyoo\vivado\ip_repo
16:00:02 INFO  : Successfully done setting XSCT server connection channel  
16:00:02 INFO  : Processing command line option -hwspec C:/Users/thyoo/vivado/ps_textlcd/ps_textlcd.sdk/system_wrapper.hdf.
16:00:02 INFO  : Successfully done setting SDK workspace  
16:00:03 INFO  : Checking for hwspec changes in the project system_wrapper_hw_platform_0.
16:00:51 INFO  : Connected to target on host '127.0.0.1' and port '3121'.
16:00:52 INFO  : Jtag cable 'Platform Cable USB Port_#0002.Hub_#0003' is selected.
16:00:52 INFO  : 'jtag frequency' command is executed.
16:00:52 INFO  : Sourcing of 'C:/Users/thyoo/vivado/ps_textlcd/ps_textlcd.sdk/system_wrapper_hw_platform_0/ps7_init.tcl' is done.
16:00:52 INFO  : Context for 'APU' is selected.
16:00:52 INFO  : System reset is completed.
16:00:55 INFO  : 'after 3000' command is executed.
16:00:56 INFO  : 'targets -set -filter {jtag_cable_name =~ "Platform Cable USB Port_#0002.Hub_#0003" && level==0} -index 1' command is executed.
16:01:06 INFO  : FPGA configured successfully with bitstream "C:/Users/thyoo/vivado/ps_textlcd/ps_textlcd.sdk/system_wrapper_hw_platform_0/system_wrapper.bit"
16:01:06 INFO  : Context for 'APU' is selected.
16:01:06 INFO  : Hardware design information is loaded from 'C:/Users/thyoo/vivado/ps_textlcd/ps_textlcd.sdk/system_wrapper_hw_platform_0/system.hdf'.
16:01:06 INFO  : 'configparams force-mem-access 1' command is executed.
16:01:06 INFO  : Context for 'APU' is selected.
16:01:07 INFO  : 'ps7_init' command is executed.
16:01:07 INFO  : 'ps7_post_config' command is executed.
16:01:07 INFO  : Context for processor 'ps7_cortexa9_0' is selected.
16:01:07 INFO  : The application 'C:/Users/thyoo/vivado/ps_textlcd/ps_textlcd.sdk/ps_textlcd/Debug/ps_textlcd.elf' is downloaded to processor 'ps7_cortexa9_0'.
16:01:07 INFO  : 'configparams force-mem-access 0' command is executed.
16:01:07 INFO  : ----------------XSDB Script----------------
connect -url tcp:127.0.0.1:3121
source C:/Users/thyoo/vivado/ps_textlcd/ps_textlcd.sdk/system_wrapper_hw_platform_0/ps7_init.tcl
targets -set -nocase -filter {name =~"APU*" && jtag_cable_name =~ "Platform Cable USB Port_#0002.Hub_#0003"} -index 0
rst -system
after 3000
targets -set -filter {jtag_cable_name =~ "Platform Cable USB Port_#0002.Hub_#0003" && level==0} -index 1
fpga -file C:/Users/thyoo/vivado/ps_textlcd/ps_textlcd.sdk/system_wrapper_hw_platform_0/system_wrapper.bit
targets -set -nocase -filter {name =~"APU*" && jtag_cable_name =~ "Platform Cable USB Port_#0002.Hub_#0003"} -index 0
loadhw -hw C:/Users/thyoo/vivado/ps_textlcd/ps_textlcd.sdk/system_wrapper_hw_platform_0/system.hdf -mem-ranges [list {0x40000000 0xbfffffff}]
configparams force-mem-access 1
targets -set -nocase -filter {name =~"APU*" && jtag_cable_name =~ "Platform Cable USB Port_#0002.Hub_#0003"} -index 0
ps7_init
ps7_post_config
targets -set -nocase -filter {name =~ "ARM*#0" && jtag_cable_name =~ "Platform Cable USB Port_#0002.Hub_#0003"} -index 0
dow C:/Users/thyoo/vivado/ps_textlcd/ps_textlcd.sdk/ps_textlcd/Debug/ps_textlcd.elf
configparams force-mem-access 0
----------------End of Script----------------

16:01:08 INFO  : Memory regions updated for context APU
16:01:08 INFO  : Context for processor 'ps7_cortexa9_0' is selected.
16:01:08 INFO  : 'con' command is executed.
16:01:08 INFO  : ----------------XSDB Script (After Launch)----------------
targets -set -nocase -filter {name =~ "ARM*#0" && jtag_cable_name =~ "Platform Cable USB Port_#0002.Hub_#0003"} -index 0
con
----------------End of Script----------------

16:01:08 INFO  : Launch script is exported to file 'C:\Users\thyoo\vivado\ps_textlcd\ps_textlcd.sdk\.sdk\launch_scripts\xilinx_c-c++_application_(system_debugger)\arm_1_debug.tcl'
16:05:56 INFO  : Disconnected from the channel tcfchan#1.
16:06:02 INFO  : Connected to target on host '127.0.0.1' and port '3121'.
16:06:03 INFO  : Jtag cable 'Platform Cable USB Port_#0002.Hub_#0003' is selected.
16:06:03 INFO  : 'jtag frequency' command is executed.
16:06:03 INFO  : Sourcing of 'C:/Users/thyoo/vivado/ps_textlcd/ps_textlcd.sdk/system_wrapper_hw_platform_0/ps7_init.tcl' is done.
16:06:03 INFO  : Context for 'APU' is selected.
16:06:03 INFO  : System reset is completed.
16:06:06 INFO  : 'after 3000' command is executed.
16:06:07 INFO  : 'targets -set -filter {jtag_cable_name =~ "Platform Cable USB Port_#0002.Hub_#0003" && level==0} -index 1' command is executed.
16:06:16 INFO  : FPGA configured successfully with bitstream "C:/Users/thyoo/vivado/ps_textlcd/ps_textlcd.sdk/system_wrapper_hw_platform_0/system_wrapper.bit"
16:06:16 INFO  : Context for 'APU' is selected.
16:06:18 INFO  : Hardware design information is loaded from 'C:/Users/thyoo/vivado/ps_textlcd/ps_textlcd.sdk/system_wrapper_hw_platform_0/system.hdf'.
16:06:18 INFO  : 'configparams force-mem-access 1' command is executed.
16:06:18 INFO  : Context for 'APU' is selected.
16:06:18 INFO  : 'ps7_init' command is executed.
16:06:18 INFO  : 'ps7_post_config' command is executed.
16:06:18 INFO  : Context for processor 'ps7_cortexa9_0' is selected.
16:06:19 INFO  : The application 'C:/Users/thyoo/vivado/ps_textlcd/ps_textlcd.sdk/ps_textlcd/Debug/ps_textlcd.elf' is downloaded to processor 'ps7_cortexa9_0'.
16:06:19 INFO  : 'configparams force-mem-access 0' command is executed.
16:06:19 INFO  : ----------------XSDB Script----------------
connect -url tcp:127.0.0.1:3121
source C:/Users/thyoo/vivado/ps_textlcd/ps_textlcd.sdk/system_wrapper_hw_platform_0/ps7_init.tcl
targets -set -nocase -filter {name =~"APU*" && jtag_cable_name =~ "Platform Cable USB Port_#0002.Hub_#0003"} -index 0
rst -system
after 3000
targets -set -filter {jtag_cable_name =~ "Platform Cable USB Port_#0002.Hub_#0003" && level==0} -index 1
fpga -file C:/Users/thyoo/vivado/ps_textlcd/ps_textlcd.sdk/system_wrapper_hw_platform_0/system_wrapper.bit
targets -set -nocase -filter {name =~"APU*" && jtag_cable_name =~ "Platform Cable USB Port_#0002.Hub_#0003"} -index 0
loadhw -hw C:/Users/thyoo/vivado/ps_textlcd/ps_textlcd.sdk/system_wrapper_hw_platform_0/system.hdf -mem-ranges [list {0x40000000 0xbfffffff}]
configparams force-mem-access 1
targets -set -nocase -filter {name =~"APU*" && jtag_cable_name =~ "Platform Cable USB Port_#0002.Hub_#0003"} -index 0
ps7_init
ps7_post_config
targets -set -nocase -filter {name =~ "ARM*#0" && jtag_cable_name =~ "Platform Cable USB Port_#0002.Hub_#0003"} -index 0
dow C:/Users/thyoo/vivado/ps_textlcd/ps_textlcd.sdk/ps_textlcd/Debug/ps_textlcd.elf
configparams force-mem-access 0
----------------End of Script----------------

16:06:19 INFO  : Memory regions updated for context APU
16:06:19 INFO  : Context for processor 'ps7_cortexa9_0' is selected.
16:06:19 INFO  : 'con' command is executed.
16:06:19 INFO  : ----------------XSDB Script (After Launch)----------------
targets -set -nocase -filter {name =~ "ARM*#0" && jtag_cable_name =~ "Platform Cable USB Port_#0002.Hub_#0003"} -index 0
con
----------------End of Script----------------

16:06:19 INFO  : Launch script is exported to file 'C:\Users\thyoo\vivado\ps_textlcd\ps_textlcd.sdk\.sdk\launch_scripts\xilinx_c-c++_application_(system_debugger)\arm_1_debug.tcl'
16:09:01 INFO  : Disconnected from the channel tcfchan#2.
16:09:02 INFO  : Connected to target on host '127.0.0.1' and port '3121'.
16:09:03 INFO  : Jtag cable 'Platform Cable USB Port_#0002.Hub_#0003' is selected.
16:09:03 INFO  : 'jtag frequency' command is executed.
16:09:03 INFO  : Sourcing of 'C:/Users/thyoo/vivado/ps_textlcd/ps_textlcd.sdk/system_wrapper_hw_platform_0/ps7_init.tcl' is done.
16:09:03 INFO  : Context for 'APU' is selected.
16:09:03 INFO  : System reset is completed.
16:09:06 INFO  : 'after 3000' command is executed.
16:09:06 INFO  : 'targets -set -filter {jtag_cable_name =~ "Platform Cable USB Port_#0002.Hub_#0003" && level==0} -index 1' command is executed.
16:09:15 INFO  : FPGA configured successfully with bitstream "C:/Users/thyoo/vivado/ps_textlcd/ps_textlcd.sdk/system_wrapper_hw_platform_0/system_wrapper.bit"
16:09:15 INFO  : Context for 'APU' is selected.
16:09:17 INFO  : Hardware design information is loaded from 'C:/Users/thyoo/vivado/ps_textlcd/ps_textlcd.sdk/system_wrapper_hw_platform_0/system.hdf'.
16:09:17 INFO  : 'configparams force-mem-access 1' command is executed.
16:09:17 INFO  : Context for 'APU' is selected.
16:09:17 INFO  : 'ps7_init' command is executed.
16:09:17 INFO  : 'ps7_post_config' command is executed.
16:09:17 INFO  : Context for processor 'ps7_cortexa9_0' is selected.
16:09:18 INFO  : The application 'C:/Users/thyoo/vivado/ps_textlcd/ps_textlcd.sdk/ps_textlcd/Debug/ps_textlcd.elf' is downloaded to processor 'ps7_cortexa9_0'.
16:09:18 INFO  : 'configparams force-mem-access 0' command is executed.
16:09:18 INFO  : ----------------XSDB Script----------------
connect -url tcp:127.0.0.1:3121
source C:/Users/thyoo/vivado/ps_textlcd/ps_textlcd.sdk/system_wrapper_hw_platform_0/ps7_init.tcl
targets -set -nocase -filter {name =~"APU*" && jtag_cable_name =~ "Platform Cable USB Port_#0002.Hub_#0003"} -index 0
rst -system
after 3000
targets -set -filter {jtag_cable_name =~ "Platform Cable USB Port_#0002.Hub_#0003" && level==0} -index 1
fpga -file C:/Users/thyoo/vivado/ps_textlcd/ps_textlcd.sdk/system_wrapper_hw_platform_0/system_wrapper.bit
targets -set -nocase -filter {name =~"APU*" && jtag_cable_name =~ "Platform Cable USB Port_#0002.Hub_#0003"} -index 0
loadhw -hw C:/Users/thyoo/vivado/ps_textlcd/ps_textlcd.sdk/system_wrapper_hw_platform_0/system.hdf -mem-ranges [list {0x40000000 0xbfffffff}]
configparams force-mem-access 1
targets -set -nocase -filter {name =~"APU*" && jtag_cable_name =~ "Platform Cable USB Port_#0002.Hub_#0003"} -index 0
ps7_init
ps7_post_config
targets -set -nocase -filter {name =~ "ARM*#0" && jtag_cable_name =~ "Platform Cable USB Port_#0002.Hub_#0003"} -index 0
dow C:/Users/thyoo/vivado/ps_textlcd/ps_textlcd.sdk/ps_textlcd/Debug/ps_textlcd.elf
configparams force-mem-access 0
----------------End of Script----------------

16:09:18 INFO  : Memory regions updated for context APU
16:09:18 INFO  : Context for processor 'ps7_cortexa9_0' is selected.
16:09:18 INFO  : 'con' command is executed.
16:09:18 INFO  : ----------------XSDB Script (After Launch)----------------
targets -set -nocase -filter {name =~ "ARM*#0" && jtag_cable_name =~ "Platform Cable USB Port_#0002.Hub_#0003"} -index 0
con
----------------End of Script----------------

16:09:18 INFO  : Launch script is exported to file 'C:\Users\thyoo\vivado\ps_textlcd\ps_textlcd.sdk\.sdk\launch_scripts\xilinx_c-c++_application_(system_debugger)\arm_1_debug.tcl'
16:11:31 INFO  : Disconnected from the channel tcfchan#3.
